[INFO] Scanning for projects...
[INFO] 
[INFO] --------------------< com.example:Recycler_Service >--------------------
[INFO] Building Recycler_Service 0.0.1-SNAPSHOT
[INFO]   from pom.xml
[INFO] --------------------------------[ jar ]---------------------------------
[INFO] 
[INFO] --- resources:3.3.1:resources (default-resources) @ Recycler_Service ---
[INFO] Copying 1 resource from src\main\resources to target\classes
[INFO] Copying 0 resource from src\main\resources to target\classes
[INFO] 
[INFO] --- compiler:3.11.0:compile (default-compile) @ Recycler_Service ---
[INFO] Changes detected - recompiling the module! :source
[INFO] Compiling 16 source files with javac [debug release 21] to target\classes
[INFO] -------------------------------------------------------------
[ERROR] COMPILATION ERROR : 
[INFO] -------------------------------------------------------------
[ERROR] /D:/Ewaste-update/BackEnd/Recycler_Service/src/main/java/com/example/Recycler_Service/RestController/RecycleRestController.java:[40,17] cannot find symbol
  symbol:   class DeliveryLog
  location: class com.example.Recycler_Service.RestController.RecycleRestController
[ERROR] /D:/Ewaste-update/BackEnd/Recycler_Service/src/main/java/com/example/Recycler_Service/Repository/DisposalCertificateRepository.java:[10,5] cannot find symbol
  symbol:   class Optional
  location: interface com.example.Recycler_Service.Repository.DisposalCertificateRepository
[ERROR] /D:/Ewaste-update/BackEnd/Recycler_Service/src/main/java/com/example/Recycler_Service/Repository/DisposalCertificateRepository.java:[8,1] org.springframework.stereotype.Repository is not a repeatable annotation interface
[ERROR] /D:/Ewaste-update/BackEnd/Recycler_Service/src/main/java/com/example/Recycler_Service/RestController/RecycleRestController.java:[29,43] cannot find symbol
  symbol:   method getRequestId()
  location: variable dto of type com.example.Recycler_Service.RecyclingDTO.DeliveryDTO
[ERROR] /D:/Ewaste-update/BackEnd/Recycler_Service/src/main/java/com/example/Recycler_Service/RestController/RecycleRestController.java:[29,63] cannot find symbol
  symbol:   method getCollectorId()
  location: variable dto of type com.example.Recycler_Service.RecyclingDTO.DeliveryDTO
[ERROR] /D:/Ewaste-update/BackEnd/Recycler_Service/src/main/java/com/example/Recycler_Service/RestController/RecycleRestController.java:[29,85] cannot find symbol
  symbol:   method getRecyclerId()
  location: variable dto of type com.example.Recycler_Service.RecyclingDTO.DeliveryDTO
[ERROR] /D:/Ewaste-update/BackEnd/Recycler_Service/src/main/java/com/example/Recycler_Service/Service/RecyclingServiceImpl.java:[38,46] cannot find symbol
  symbol:   method builder()
  location: class com.example.Recycler_Service.Entity.DeliveryLog
[ERROR] /D:/Ewaste-update/BackEnd/Recycler_Service/src/main/java/com/example/Recycler_Service/Service/RecyclingServiceImpl.java:[48,38] constructor StatusLogDTO in class com.example.Recycler_Service.RecyclingDTO.StatusLogDTO cannot be applied to given types;
  required: no arguments
  found:    java.lang.Integer,java.lang.String,java.lang.String
  reason: actual and formal argument lists differ in length
[ERROR] /D:/Ewaste-update/BackEnd/Recycler_Service/src/main/java/com/example/Recycler_Service/Service/RecyclingServiceImpl.java:[65,49] cannot find symbol
  symbol:   method builder()
  location: class com.example.Recycler_Service.Entity.RecyclingRecord
[ERROR] /D:/Ewaste-update/BackEnd/Recycler_Service/src/main/java/com/example/Recycler_Service/Service/RecyclingServiceImpl.java:[67,40] cannot find symbol
  symbol:   method getRecyclerId()
  location: variable deliveryLog of type com.example.Recycler_Service.Entity.DeliveryLog
[ERROR] /D:/Ewaste-update/BackEnd/Recycler_Service/src/main/java/com/example/Recycler_Service/Service/RecyclingServiceImpl.java:[74,89] cannot find symbol
  symbol:   method getRecyclerId()
  location: variable deliveryLog of type com.example.Recycler_Service.Entity.DeliveryLog
[ERROR] /D:/Ewaste-update/BackEnd/Recycler_Service/src/main/java/com/example/Recycler_Service/Service/RecyclingServiceImpl.java:[91,39] cannot find symbol
  symbol:   method getStatus()
  location: variable record of type com.example.Recycler_Service.Entity.RecyclingRecord
[ERROR] /D:/Ewaste-update/BackEnd/Recycler_Service/src/main/java/com/example/Recycler_Service/Service/RecyclingServiceImpl.java:[95,15] cannot find symbol
  symbol:   method setDecomposedAt(java.time.LocalDateTime)
  location: variable record of type com.example.Recycler_Service.Entity.RecyclingRecord
[ERROR] /D:/Ewaste-update/BackEnd/Recycler_Service/src/main/java/com/example/Recycler_Service/Service/RecyclingServiceImpl.java:[96,15] cannot find symbol
  symbol:   method setStatus(java.lang.String)
  location: variable record of type com.example.Recycler_Service.Entity.RecyclingRecord
[ERROR] /D:/Ewaste-update/BackEnd/Recycler_Service/src/main/java/com/example/Recycler_Service/Service/RecyclingServiceImpl.java:[99,62] cannot find symbol
  symbol:   method builder()
  location: class com.example.Recycler_Service.Entity.DisposalCertificate
[ERROR] /D:/Ewaste-update/BackEnd/Recycler_Service/src/main/java/com/example/Recycler_Service/Service/RecyclingServiceImpl.java:[101,35] cannot find symbol
  symbol:   method getRecyclerId()
  location: variable record of type com.example.Recycler_Service.Entity.RecyclingRecord
[ERROR] /D:/Ewaste-update/BackEnd/Recycler_Service/src/main/java/com/example/Recycler_Service/Service/RecyclingServiceImpl.java:[108,86] cannot find symbol
  symbol:   method getRecyclerId()
  location: variable record of type com.example.Recycler_Service.Entity.RecyclingRecord
[INFO] 17 errors 
[INFO] -------------------------------------------------------------
[INFO] ------------------------------------------------------------------------
[INFO] BUILD FAILURE
[INFO] ------------------------------------------------------------------------
[INFO] Total time:  12.654 s
[INFO] Finished at: 2026-01-31T21:54:15+05:30
[INFO] ------------------------------------------------------------------------
[ERROR] Failed to execute goal org.apache.maven.plugins:maven-compiler-plugin:3.11.0:compile (default-compile) on project Recycler_Service: Compilation failure: Compilation failure: 
[ERROR] /D:/Ewaste-update/BackEnd/Recycler_Service/src/main/java/com/example/Recycler_Service/RestController/RecycleRestController.java:[40,17] cannot find symbol
[ERROR]   symbol:   class DeliveryLog
[ERROR]   location: class com.example.Recycler_Service.RestController.RecycleRestController
[ERROR] /D:/Ewaste-update/BackEnd/Recycler_Service/src/main/java/com/example/Recycler_Service/Repository/DisposalCertificateRepository.java:[10,5] cannot find symbol
[ERROR]   symbol:   class Optional
[ERROR]   location: interface com.example.Recycler_Service.Repository.DisposalCertificateRepository
[ERROR] /D:/Ewaste-update/BackEnd/Recycler_Service/src/main/java/com/example/Recycler_Service/Repository/DisposalCertificateRepository.java:[8,1] org.springframework.stereotype.Repository is not a repeatable annotation interface
[ERROR] /D:/Ewaste-update/BackEnd/Recycler_Service/src/main/java/com/example/Recycler_Service/RestController/RecycleRestController.java:[29,43] cannot find symbol
[ERROR]   symbol:   method getRequestId()
[ERROR]   location: variable dto of type com.example.Recycler_Service.RecyclingDTO.DeliveryDTO
[ERROR] /D:/Ewaste-update/BackEnd/Recycler_Service/src/main/java/com/example/Recycler_Service/RestController/RecycleRestController.java:[29,63] cannot find symbol
[ERROR]   symbol:   method getCollectorId()
[ERROR]   location: variable dto of type com.example.Recycler_Service.RecyclingDTO.DeliveryDTO
[ERROR] /D:/Ewaste-update/BackEnd/Recycler_Service/src/main/java/com/example/Recycler_Service/RestController/RecycleRestController.java:[29,85] cannot find symbol
[ERROR]   symbol:   method getRecyclerId()
[ERROR]   location: variable dto of type com.example.Recycler_Service.RecyclingDTO.DeliveryDTO
[ERROR] /D:/Ewaste-update/BackEnd/Recycler_Service/src/main/java/com/example/Recycler_Service/Service/RecyclingServiceImpl.java:[38,46] cannot find symbol
[ERROR]   symbol:   method builder()
[ERROR]   location: class com.example.Recycler_Service.Entity.DeliveryLog
[ERROR] /D:/Ewaste-update/BackEnd/Recycler_Service/src/main/java/com/example/Recycler_Service/Service/RecyclingServiceImpl.java:[48,38] constructor StatusLogDTO in class com.example.Recycler_Service.RecyclingDTO.StatusLogDTO cannot be applied to given types;
[ERROR]   required: no arguments
[ERROR]   found:    java.lang.Integer,java.lang.String,java.lang.String
[ERROR]   reason: actual and formal argument lists differ in length
[ERROR] /D:/Ewaste-update/BackEnd/Recycler_Service/src/main/java/com/example/Recycler_Service/Service/RecyclingServiceImpl.java:[65,49] cannot find symbol
[ERROR]   symbol:   method builder()
[ERROR]   location: class com.example.Recycler_Service.Entity.RecyclingRecord
[ERROR] /D:/Ewaste-update/BackEnd/Recycler_Service/src/main/java/com/example/Recycler_Service/Service/RecyclingServiceImpl.java:[67,40] cannot find symbol
[ERROR]   symbol:   method getRecyclerId()
[ERROR]   location: variable deliveryLog of type com.example.Recycler_Service.Entity.DeliveryLog
[ERROR] /D:/Ewaste-update/BackEnd/Recycler_Service/src/main/java/com/example/Recycler_Service/Service/RecyclingServiceImpl.java:[74,89] cannot find symbol
[ERROR]   symbol:   method getRecyclerId()
[ERROR]   location: variable deliveryLog of type com.example.Recycler_Service.Entity.DeliveryLog
[ERROR] /D:/Ewaste-update/BackEnd/Recycler_Service/src/main/java/com/example/Recycler_Service/Service/RecyclingServiceImpl.java:[91,39] cannot find symbol
[ERROR]   symbol:   method getStatus()
[ERROR]   location: variable record of type com.example.Recycler_Service.Entity.RecyclingRecord
[ERROR] /D:/Ewaste-update/BackEnd/Recycler_Service/src/main/java/com/example/Recycler_Service/Service/RecyclingServiceImpl.java:[95,15] cannot find symbol
[ERROR]   symbol:   method setDecomposedAt(java.time.LocalDateTime)
[ERROR]   location: variable record of type com.example.Recycler_Service.Entity.RecyclingRecord
[ERROR] /D:/Ewaste-update/BackEnd/Recycler_Service/src/main/java/com/example/Recycler_Service/Service/RecyclingServiceImpl.java:[96,15] cannot find symbol
[ERROR]   symbol:   method setStatus(java.lang.String)
[ERROR]   location: variable record of type com.example.Recycler_Service.Entity.RecyclingRecord
[ERROR] /D:/Ewaste-update/BackEnd/Recycler_Service/src/main/java/com/example/Recycler_Service/Service/RecyclingServiceImpl.java:[99,62] cannot find symbol
[ERROR]   symbol:   method builder()
[ERROR]   location: class com.example.Recycler_Service.Entity.DisposalCertificate
[ERROR] /D:/Ewaste-update/BackEnd/Recycler_Service/src/main/java/com/example/Recycler_Service/Service/RecyclingServiceImpl.java:[101,35] cannot find symbol
[ERROR]   symbol:   method getRecyclerId()
[ERROR]   location: variable record of type com.example.Recycler_Service.Entity.RecyclingRecord
[ERROR] /D:/Ewaste-update/BackEnd/Recycler_Service/src/main/java/com/example/Recycler_Service/Service/RecyclingServiceImpl.java:[108,86] cannot find symbol
[ERROR]   symbol:   method getRecyclerId()
[ERROR]   location: variable record of type com.example.Recycler_Service.Entity.RecyclingRecord
[ERROR] -> [Help 1]
[ERROR] 
[ERROR] To see the full stack trace of the errors, re-run Maven with the -e switch.
[ERROR] Re-run Maven using the -X switch to enable full debug logging.
[ERROR] 
[ERROR] For more information about the errors and possible solutions, please read the following articles:
[ERROR] [Help 1] http://cwiki.apache.org/confluence/display/MAVEN/MojoFailureException
