[INFO] Scanning for projects...
[INFO] 
[INFO] ---------------------< com.example:pickup_request >---------------------
[INFO] Building pickup_request 0.0.1-SNAPSHOT
[INFO]   from pom.xml
[INFO] --------------------------------[ jar ]---------------------------------
[INFO] 
[INFO] --- clean:3.3.2:clean (default-clean) @ pickup_request ---
[INFO] Deleting D:\Ewaste-update\BackEnd\pickup_request\target
[INFO] 
[INFO] --- resources:3.3.1:resources (default-resources) @ pickup_request ---
[INFO] Copying 1 resource from src\main\resources to target\classes
[INFO] Copying 0 resource from src\main\resources to target\classes
[INFO] 
[INFO] --- compiler:3.11.0:compile (default-compile) @ pickup_request ---
[INFO] Changes detected - recompiling the module! :source
[INFO] Compiling 20 source files with javac [debug release 21] to target\classes
[INFO] -------------------------------------------------------------
[ERROR] COMPILATION ERROR : 
[INFO] -------------------------------------------------------------
[ERROR] /D:/Ewaste-update/BackEnd/pickup_request/src/main/java/com/example/pickup_request/Repository/PickupRequestRepository.java:[18,13] method countByUserId(java.lang.String) is already defined in interface com.example.pickup_request.Repository.PickupRequestRepository
[ERROR] /D:/Ewaste-update/BackEnd/pickup_request/src/main/java/com/example/pickup_request/Service/PickupRequestServiceImpl.java:[35,65] cannot find symbol
  symbol:   method getUserId()
  location: variable requestDTO of type com.example.pickup_request.DTO.CreatePickupRequestDTO
[ERROR] /D:/Ewaste-update/BackEnd/pickup_request/src/main/java/com/example/pickup_request/Service/PickupRequestServiceImpl.java:[37,29] cannot find symbol
  symbol:   method getStatus()
  location: variable user of type com.example.pickup_request.DTO.UserResponseDTO
[ERROR] /D:/Ewaste-update/BackEnd/pickup_request/src/main/java/com/example/pickup_request/Service/PickupRequestServiceImpl.java:[43,80] cannot find symbol
  symbol:   method getUserId()
  location: variable requestDTO of type com.example.pickup_request.DTO.CreatePickupRequestDTO
[ERROR] /D:/Ewaste-update/BackEnd/pickup_request/src/main/java/com/example/pickup_request/Service/PickupRequestServiceImpl.java:[46,55] cannot find symbol
  symbol:   method builder()
  location: class com.example.pickup_request.Entity.PickupRequests
[ERROR] /D:/Ewaste-update/BackEnd/pickup_request/src/main/java/com/example/pickup_request/Service/PickupRequestServiceImpl.java:[47,35] cannot find symbol
  symbol:   method getUserId()
  location: variable requestDTO of type com.example.pickup_request.DTO.CreatePickupRequestDTO
[ERROR] /D:/Ewaste-update/BackEnd/pickup_request/src/main/java/com/example/pickup_request/Service/PickupRequestServiceImpl.java:[50,39] cannot find symbol
  symbol:   method getPickupDate()
  location: variable requestDTO of type com.example.pickup_request.DTO.CreatePickupRequestDTO
[ERROR] /D:/Ewaste-update/BackEnd/pickup_request/src/main/java/com/example/pickup_request/Service/PickupRequestServiceImpl.java:[51,42] cannot find symbol
  symbol:   method getPickupAddress()
  location: variable requestDTO of type com.example.pickup_request.DTO.CreatePickupRequestDTO
[ERROR] /D:/Ewaste-update/BackEnd/pickup_request/src/main/java/com/example/pickup_request/Service/PickupRequestServiceImpl.java:[57,19] cannot find symbol
  symbol:   method getItems()
  location: variable requestDTO of type com.example.pickup_request.DTO.CreatePickupRequestDTO
[ERROR] /D:/Ewaste-update/BackEnd/pickup_request/src/main/java/com/example/pickup_request/Service/PickupRequestServiceImpl.java:[58,41] cannot find symbol
  symbol:   method builder()
  location: class com.example.pickup_request.Entity.PickupItem
[ERROR] /D:/Ewaste-update/BackEnd/pickup_request/src/main/java/com/example/pickup_request/Service/PickupRequestServiceImpl.java:[59,44] cannot find symbol
  symbol:   method getRequestId()
  location: variable savedRequest of type com.example.pickup_request.Entity.PickupRequests
[ERROR] /D:/Ewaste-update/BackEnd/pickup_request/src/main/java/com/example/pickup_request/Service/PickupRequestServiceImpl.java:[68,44] cannot find symbol
  symbol:   method getRequestId()
  location: variable savedRequest of type com.example.pickup_request.Entity.PickupRequests
[ERROR] /D:/Ewaste-update/BackEnd/pickup_request/src/main/java/com/example/pickup_request/Service/PickupRequestServiceImpl.java:[69,18] cannot find symbol
  symbol:   method setStatus(java.lang.String)
  location: variable statusDTO of type com.example.pickup_request.DTO.CreateStatusRequestLogDTO
[ERROR] /D:/Ewaste-update/BackEnd/pickup_request/src/main/java/com/example/pickup_request/Service/PickupRequestServiceImpl.java:[70,42] cannot find symbol
  symbol:   method getUserId()
  location: variable requestDTO of type com.example.pickup_request.DTO.CreatePickupRequestDTO
[ERROR] /D:/Ewaste-update/BackEnd/pickup_request/src/main/java/com/example/pickup_request/Service/PickupRequestServiceImpl.java:[76,29] cannot find symbol
  symbol:   method getUserRequestNo()
  location: variable savedRequest of type com.example.pickup_request.Entity.PickupRequests
[ERROR] /D:/Ewaste-update/BackEnd/pickup_request/src/main/java/com/example/pickup_request/Service/PickupRequestServiceImpl.java:[75,29] cannot find symbol
  symbol:   method getRequestId()
  location: variable savedRequest of type com.example.pickup_request.Entity.PickupRequests
[ERROR] /D:/Ewaste-update/BackEnd/pickup_request/src/main/java/com/example/pickup_request/Service/PickupRequestServiceImpl.java:[94,27] cannot find symbol
  symbol:   method getUserId()
  location: variable pickup of type com.example.pickup_request.Entity.PickupRequests
[ERROR] /D:/Ewaste-update/BackEnd/pickup_request/src/main/java/com/example/pickup_request/Service/PickupRequestServiceImpl.java:[103,29] cannot find symbol
  symbol:   method getRemarks()
  location: variable item of type com.example.pickup_request.Entity.PickupItem
[ERROR] /D:/Ewaste-update/BackEnd/pickup_request/src/main/java/com/example/pickup_request/Service/PickupRequestServiceImpl.java:[102,29] cannot find symbol
  symbol:   method getQuantity()
  location: variable item of type com.example.pickup_request.Entity.PickupItem
[ERROR] /D:/Ewaste-update/BackEnd/pickup_request/src/main/java/com/example/pickup_request/Service/PickupRequestServiceImpl.java:[101,29] cannot find symbol
  symbol:   method getItemName()
  location: variable item of type com.example.pickup_request.Entity.PickupItem
[ERROR] /D:/Ewaste-update/BackEnd/pickup_request/src/main/java/com/example/pickup_request/Service/PickupRequestServiceImpl.java:[114,23] cannot find symbol
  symbol:   method getStatus()
  location: variable pickup of type com.example.pickup_request.Entity.PickupRequests
[ERROR] /D:/Ewaste-update/BackEnd/pickup_request/src/main/java/com/example/pickup_request/Service/PickupRequestServiceImpl.java:[113,23] cannot find symbol
  symbol:   method getPickupAddress()
  location: variable pickup of type com.example.pickup_request.Entity.PickupRequests
[ERROR] /D:/Ewaste-update/BackEnd/pickup_request/src/main/java/com/example/pickup_request/Service/PickupRequestServiceImpl.java:[112,23] cannot find symbol
  symbol:   method getPickupDate()
  location: variable pickup of type com.example.pickup_request.Entity.PickupRequests
[ERROR] /D:/Ewaste-update/BackEnd/pickup_request/src/main/java/com/example/pickup_request/Service/PickupRequestServiceImpl.java:[111,23] cannot find symbol
  symbol:   method getRequestDate()
  location: variable pickup of type com.example.pickup_request.Entity.PickupRequests
[ERROR] /D:/Ewaste-update/BackEnd/pickup_request/src/main/java/com/example/pickup_request/Service/PickupRequestServiceImpl.java:[110,23] cannot find symbol
  symbol:   method getUserRequestNo()
  location: variable pickup of type com.example.pickup_request.Entity.PickupRequests
[ERROR] /D:/Ewaste-update/BackEnd/pickup_request/src/main/java/com/example/pickup_request/Service/PickupRequestServiceImpl.java:[109,23] cannot find symbol
  symbol:   method getUserId()
  location: variable pickup of type com.example.pickup_request.Entity.PickupRequests
[ERROR] /D:/Ewaste-update/BackEnd/pickup_request/src/main/java/com/example/pickup_request/Service/PickupRequestServiceImpl.java:[108,23] cannot find symbol
  symbol:   method getRequestId()
  location: variable pickup of type com.example.pickup_request.Entity.PickupRequests
[ERROR] /D:/Ewaste-update/BackEnd/pickup_request/src/main/java/com/example/pickup_request/Service/PickupRequestServiceImpl.java:[126,20] cannot find symbol
  symbol:   method getUserId()
  location: variable pickup of type com.example.pickup_request.Entity.PickupRequests
[ERROR] /D:/Ewaste-update/BackEnd/pickup_request/src/main/java/com/example/pickup_request/Service/PickupRequestServiceImpl.java:[136,68] cannot find symbol
  symbol:   method getRequestId()
  location: variable pickup of type com.example.pickup_request.Entity.PickupRequests
[ERROR] /D:/Ewaste-update/BackEnd/pickup_request/src/main/java/com/example/pickup_request/Service/PickupRequestServiceImpl.java:[152,27] cannot find symbol
  symbol:   method getStatus()
  location: variable pickup of type com.example.pickup_request.Entity.PickupRequests
[ERROR] /D:/Ewaste-update/BackEnd/pickup_request/src/main/java/com/example/pickup_request/Service/PickupRequestServiceImpl.java:[151,27] cannot find symbol
  symbol:   method getPickupAddress()
  location: variable pickup of type com.example.pickup_request.Entity.PickupRequests
[ERROR] /D:/Ewaste-update/BackEnd/pickup_request/src/main/java/com/example/pickup_request/Service/PickupRequestServiceImpl.java:[150,27] cannot find symbol
  symbol:   method getPickupDate()
  location: variable pickup of type com.example.pickup_request.Entity.PickupRequests
[ERROR] /D:/Ewaste-update/BackEnd/pickup_request/src/main/java/com/example/pickup_request/Service/PickupRequestServiceImpl.java:[149,27] cannot find symbol
  symbol:   method getRequestDate()
  location: variable pickup of type com.example.pickup_request.Entity.PickupRequests
[ERROR] /D:/Ewaste-update/BackEnd/pickup_request/src/main/java/com/example/pickup_request/Service/PickupRequestServiceImpl.java:[148,23] cannot find symbol
  symbol:   method getUserRequestNo()
  location: variable pickup of type com.example.pickup_request.Entity.PickupRequests
[ERROR] /D:/Ewaste-update/BackEnd/pickup_request/src/main/java/com/example/pickup_request/Service/PickupRequestServiceImpl.java:[147,27] cannot find symbol
  symbol:   method getUserId()
  location: variable pickup of type com.example.pickup_request.Entity.PickupRequests
[ERROR] /D:/Ewaste-update/BackEnd/pickup_request/src/main/java/com/example/pickup_request/Service/PickupRequestServiceImpl.java:[146,27] cannot find symbol
  symbol:   method getRequestId()
  location: variable pickup of type com.example.pickup_request.Entity.PickupRequests
[ERROR] /D:/Ewaste-update/BackEnd/pickup_request/src/main/java/com/example/pickup_request/Service/PickupRequestServiceImpl.java:[155,18] incompatible types: java.util.List<java.lang.Object> cannot be converted to java.util.List<com.example.pickup_request.DTO.PickupRequestResponseDTO>
[ERROR] /D:/Ewaste-update/BackEnd/pickup_request/src/main/java/com/example/pickup_request/Service/PickupRequestServiceImpl.java:[163,68] cannot find symbol
  symbol:   method getRequestId()
  location: variable pickup of type com.example.pickup_request.Entity.PickupRequests
[ERROR] /D:/Ewaste-update/BackEnd/pickup_request/src/main/java/com/example/pickup_request/Service/PickupRequestServiceImpl.java:[179,27] cannot find symbol
  symbol:   method getStatus()
  location: variable pickup of type com.example.pickup_request.Entity.PickupRequests
[ERROR] /D:/Ewaste-update/BackEnd/pickup_request/src/main/java/com/example/pickup_request/Service/PickupRequestServiceImpl.java:[178,27] cannot find symbol
  symbol:   method getPickupAddress()
  location: variable pickup of type com.example.pickup_request.Entity.PickupRequests
[ERROR] /D:/Ewaste-update/BackEnd/pickup_request/src/main/java/com/example/pickup_request/Service/PickupRequestServiceImpl.java:[177,27] cannot find symbol
  symbol:   method getPickupDate()
  location: variable pickup of type com.example.pickup_request.Entity.PickupRequests
[ERROR] /D:/Ewaste-update/BackEnd/pickup_request/src/main/java/com/example/pickup_request/Service/PickupRequestServiceImpl.java:[176,27] cannot find symbol
  symbol:   method getRequestDate()
  location: variable pickup of type com.example.pickup_request.Entity.PickupRequests
[ERROR] /D:/Ewaste-update/BackEnd/pickup_request/src/main/java/com/example/pickup_request/Service/PickupRequestServiceImpl.java:[175,23] cannot find symbol
  symbol:   method getUserRequestNo()
  location: variable pickup of type com.example.pickup_request.Entity.PickupRequests
[ERROR] /D:/Ewaste-update/BackEnd/pickup_request/src/main/java/com/example/pickup_request/Service/PickupRequestServiceImpl.java:[174,27] cannot find symbol
  symbol:   method getUserId()
  location: variable pickup of type com.example.pickup_request.Entity.PickupRequests
[ERROR] /D:/Ewaste-update/BackEnd/pickup_request/src/main/java/com/example/pickup_request/Service/PickupRequestServiceImpl.java:[173,27] cannot find symbol
  symbol:   method getRequestId()
  location: variable pickup of type com.example.pickup_request.Entity.PickupRequests
[ERROR] /D:/Ewaste-update/BackEnd/pickup_request/src/main/java/com/example/pickup_request/Service/PickupRequestServiceImpl.java:[182,18] incompatible types: java.util.List<java.lang.Object> cannot be converted to java.util.List<com.example.pickup_request.DTO.PickupRequestResponseDTO>
[ERROR] /D:/Ewaste-update/BackEnd/pickup_request/src/main/java/com/example/pickup_request/Service/PickupRequestServiceImpl.java:[191,15] cannot find symbol
  symbol:   method setStatus(java.lang.String)
  location: variable pickup of type com.example.pickup_request.Entity.PickupRequests
[ERROR] /D:/Ewaste-update/BackEnd/pickup_request/src/main/java/com/example/pickup_request/Service/PickupRequestServiceImpl.java:[196,18] cannot find symbol
  symbol:   method setRequestId(java.lang.Integer)
  location: variable statusDTO of type com.example.pickup_request.DTO.CreateStatusRequestLogDTO
[ERROR] /D:/Ewaste-update/BackEnd/pickup_request/src/main/java/com/example/pickup_request/Service/PickupRequestServiceImpl.java:[197,18] cannot find symbol
  symbol:   method setStatus(java.lang.String)
  location: variable statusDTO of type com.example.pickup_request.DTO.CreateStatusRequestLogDTO
[ERROR] /D:/Ewaste-update/BackEnd/pickup_request/src/main/java/com/example/pickup_request/Service/PickupRequestServiceImpl.java:[198,38] cannot find symbol
  symbol:   method getUserId()
  location: variable pickup of type com.example.pickup_request.Entity.PickupRequests
[ERROR] /D:/Ewaste-update/BackEnd/pickup_request/src/main/java/com/example/pickup_request/Service/PickupRequestServiceImpl.java:[209,15] cannot find symbol
  symbol:   method setCollectorId(java.lang.String)
  location: variable pickup of type com.example.pickup_request.Entity.PickupRequests
[ERROR] /D:/Ewaste-update/BackEnd/pickup_request/src/main/java/com/example/pickup_request/Service/PickupRequestServiceImpl.java:[210,15] cannot find symbol
  symbol:   method setStatus(java.lang.String)
  location: variable pickup of type com.example.pickup_request.Entity.PickupRequests
[ERROR] /D:/Ewaste-update/BackEnd/pickup_request/src/main/java/com/example/pickup_request/Service/PickupRequestServiceImpl.java:[229,64] cannot find symbol
  symbol:   method getRequestId()
  location: variable pickup of type com.example.pickup_request.Entity.PickupRequests
[ERROR] /D:/Ewaste-update/BackEnd/pickup_request/src/main/java/com/example/pickup_request/Service/PickupRequestServiceImpl.java:[245,23] cannot find symbol
  symbol:   method getStatus()
  location: variable pickup of type com.example.pickup_request.Entity.PickupRequests
[ERROR] /D:/Ewaste-update/BackEnd/pickup_request/src/main/java/com/example/pickup_request/Service/PickupRequestServiceImpl.java:[244,23] cannot find symbol
  symbol:   method getPickupAddress()
  location: variable pickup of type com.example.pickup_request.Entity.PickupRequests
[ERROR] /D:/Ewaste-update/BackEnd/pickup_request/src/main/java/com/example/pickup_request/Service/PickupRequestServiceImpl.java:[243,23] cannot find symbol
  symbol:   method getPickupDate()
  location: variable pickup of type com.example.pickup_request.Entity.PickupRequests
[ERROR] /D:/Ewaste-update/BackEnd/pickup_request/src/main/java/com/example/pickup_request/Service/PickupRequestServiceImpl.java:[242,23] cannot find symbol
  symbol:   method getRequestDate()
  location: variable pickup of type com.example.pickup_request.Entity.PickupRequests
[ERROR] /D:/Ewaste-update/BackEnd/pickup_request/src/main/java/com/example/pickup_request/Service/PickupRequestServiceImpl.java:[241,23] cannot find symbol
  symbol:   method getUserRequestNo()
  location: variable pickup of type com.example.pickup_request.Entity.PickupRequests
[ERROR] /D:/Ewaste-update/BackEnd/pickup_request/src/main/java/com/example/pickup_request/Service/PickupRequestServiceImpl.java:[240,23] cannot find symbol
  symbol:   method getUserId()
  location: variable pickup of type com.example.pickup_request.Entity.PickupRequests
[ERROR] /D:/Ewaste-update/BackEnd/pickup_request/src/main/java/com/example/pickup_request/Service/PickupRequestServiceImpl.java:[239,23] cannot find symbol
  symbol:   method getRequestId()
  location: variable pickup of type com.example.pickup_request.Entity.PickupRequests
[INFO] 60 errors 
[INFO] -------------------------------------------------------------
[INFO] ------------------------------------------------------------------------
[INFO] BUILD FAILURE
[INFO] ------------------------------------------------------------------------
[INFO] Total time:  4.126 s
[INFO] Finished at: 2026-02-01T14:15:05+05:30
[INFO] ------------------------------------------------------------------------
[ERROR] Failed to execute goal org.apache.maven.plugins:maven-compiler-plugin:3.11.0:compile (default-compile) on project pickup_request: Compilation failure: Compilation failure: 
[ERROR] /D:/Ewaste-update/BackEnd/pickup_request/src/main/java/com/example/pickup_request/Repository/PickupRequestRepository.java:[18,13] method countByUserId(java.lang.String) is already defined in interface com.example.pickup_request.Repository.PickupRequestRepository
[ERROR] /D:/Ewaste-update/BackEnd/pickup_request/src/main/java/com/example/pickup_request/Service/PickupRequestServiceImpl.java:[35,65] cannot find symbol
[ERROR]   symbol:   method getUserId()
[ERROR]   location: variable requestDTO of type com.example.pickup_request.DTO.CreatePickupRequestDTO
[ERROR] /D:/Ewaste-update/BackEnd/pickup_request/src/main/java/com/example/pickup_request/Service/PickupRequestServiceImpl.java:[37,29] cannot find symbol
[ERROR]   symbol:   method getStatus()
[ERROR]   location: variable user of type com.example.pickup_request.DTO.UserResponseDTO
[ERROR] /D:/Ewaste-update/BackEnd/pickup_request/src/main/java/com/example/pickup_request/Service/PickupRequestServiceImpl.java:[43,80] cannot find symbol
[ERROR]   symbol:   method getUserId()
[ERROR]   location: variable requestDTO of type com.example.pickup_request.DTO.CreatePickupRequestDTO
[ERROR] /D:/Ewaste-update/BackEnd/pickup_request/src/main/java/com/example/pickup_request/Service/PickupRequestServiceImpl.java:[46,55] cannot find symbol
[ERROR]   symbol:   method builder()
[ERROR]   location: class com.example.pickup_request.Entity.PickupRequests
[ERROR] /D:/Ewaste-update/BackEnd/pickup_request/src/main/java/com/example/pickup_request/Service/PickupRequestServiceImpl.java:[47,35] cannot find symbol
[ERROR]   symbol:   method getUserId()
[ERROR]   location: variable requestDTO of type com.example.pickup_request.DTO.CreatePickupRequestDTO
[ERROR] /D:/Ewaste-update/BackEnd/pickup_request/src/main/java/com/example/pickup_request/Service/PickupRequestServiceImpl.java:[50,39] cannot find symbol
[ERROR]   symbol:   method getPickupDate()
[ERROR]   location: variable requestDTO of type com.example.pickup_request.DTO.CreatePickupRequestDTO
[ERROR] /D:/Ewaste-update/BackEnd/pickup_request/src/main/java/com/example/pickup_request/Service/PickupRequestServiceImpl.java:[51,42] cannot find symbol
[ERROR]   symbol:   method getPickupAddress()
[ERROR]   location: variable requestDTO of type com.example.pickup_request.DTO.CreatePickupRequestDTO
[ERROR] /D:/Ewaste-update/BackEnd/pickup_request/src/main/java/com/example/pickup_request/Service/PickupRequestServiceImpl.java:[57,19] cannot find symbol
[ERROR]   symbol:   method getItems()
[ERROR]   location: variable requestDTO of type com.example.pickup_request.DTO.CreatePickupRequestDTO
[ERROR] /D:/Ewaste-update/BackEnd/pickup_request/src/main/java/com/example/pickup_request/Service/PickupRequestServiceImpl.java:[58,41] cannot find symbol
[ERROR]   symbol:   method builder()
[ERROR]   location: class com.example.pickup_request.Entity.PickupItem
[ERROR] /D:/Ewaste-update/BackEnd/pickup_request/src/main/java/com/example/pickup_request/Service/PickupRequestServiceImpl.java:[59,44] cannot find symbol
[ERROR]   symbol:   method getRequestId()
[ERROR]   location: variable savedRequest of type com.example.pickup_request.Entity.PickupRequests
[ERROR] /D:/Ewaste-update/BackEnd/pickup_request/src/main/java/com/example/pickup_request/Service/PickupRequestServiceImpl.java:[68,44] cannot find symbol
[ERROR]   symbol:   method getRequestId()
[ERROR]   location: variable savedRequest of type com.example.pickup_request.Entity.PickupRequests
[ERROR] /D:/Ewaste-update/BackEnd/pickup_request/src/main/java/com/example/pickup_request/Service/PickupRequestServiceImpl.java:[69,18] cannot find symbol
[ERROR]   symbol:   method setStatus(java.lang.String)
[ERROR]   location: variable statusDTO of type com.example.pickup_request.DTO.CreateStatusRequestLogDTO
[ERROR] /D:/Ewaste-update/BackEnd/pickup_request/src/main/java/com/example/pickup_request/Service/PickupRequestServiceImpl.java:[70,42] cannot find symbol
[ERROR]   symbol:   method getUserId()
[ERROR]   location: variable requestDTO of type com.example.pickup_request.DTO.CreatePickupRequestDTO
[ERROR] /D:/Ewaste-update/BackEnd/pickup_request/src/main/java/com/example/pickup_request/Service/PickupRequestServiceImpl.java:[76,29] cannot find symbol
[ERROR]   symbol:   method getUserRequestNo()
[ERROR]   location: variable savedRequest of type com.example.pickup_request.Entity.PickupRequests
[ERROR] /D:/Ewaste-update/BackEnd/pickup_request/src/main/java/com/example/pickup_request/Service/PickupRequestServiceImpl.java:[75,29] cannot find symbol
[ERROR]   symbol:   method getRequestId()
[ERROR]   location: variable savedRequest of type com.example.pickup_request.Entity.PickupRequests
[ERROR] /D:/Ewaste-update/BackEnd/pickup_request/src/main/java/com/example/pickup_request/Service/PickupRequestServiceImpl.java:[94,27] cannot find symbol
[ERROR]   symbol:   method getUserId()
[ERROR]   location: variable pickup of type com.example.pickup_request.Entity.PickupRequests
[ERROR] /D:/Ewaste-update/BackEnd/pickup_request/src/main/java/com/example/pickup_request/Service/PickupRequestServiceImpl.java:[103,29] cannot find symbol
[ERROR]   symbol:   method getRemarks()
[ERROR]   location: variable item of type com.example.pickup_request.Entity.PickupItem
[ERROR] /D:/Ewaste-update/BackEnd/pickup_request/src/main/java/com/example/pickup_request/Service/PickupRequestServiceImpl.java:[102,29] cannot find symbol
[ERROR]   symbol:   method getQuantity()
[ERROR]   location: variable item of type com.example.pickup_request.Entity.PickupItem
[ERROR] /D:/Ewaste-update/BackEnd/pickup_request/src/main/java/com/example/pickup_request/Service/PickupRequestServiceImpl.java:[101,29] cannot find symbol
[ERROR]   symbol:   method getItemName()
[ERROR]   location: variable item of type com.example.pickup_request.Entity.PickupItem
[ERROR] /D:/Ewaste-update/BackEnd/pickup_request/src/main/java/com/example/pickup_request/Service/PickupRequestServiceImpl.java:[114,23] cannot find symbol
[ERROR]   symbol:   method getStatus()
[ERROR]   location: variable pickup of type com.example.pickup_request.Entity.PickupRequests
[ERROR] /D:/Ewaste-update/BackEnd/pickup_request/src/main/java/com/example/pickup_request/Service/PickupRequestServiceImpl.java:[113,23] cannot find symbol
[ERROR]   symbol:   method getPickupAddress()
[ERROR]   location: variable pickup of type com.example.pickup_request.Entity.PickupRequests
[ERROR] /D:/Ewaste-update/BackEnd/pickup_request/src/main/java/com/example/pickup_request/Service/PickupRequestServiceImpl.java:[112,23] cannot find symbol
[ERROR]   symbol:   method getPickupDate()
[ERROR]   location: variable pickup of type com.example.pickup_request.Entity.PickupRequests
[ERROR] /D:/Ewaste-update/BackEnd/pickup_request/src/main/java/com/example/pickup_request/Service/PickupRequestServiceImpl.java:[111,23] cannot find symbol
[ERROR]   symbol:   method getRequestDate()
[ERROR]   location: variable pickup of type com.example.pickup_request.Entity.PickupRequests
[ERROR] /D:/Ewaste-update/BackEnd/pickup_request/src/main/java/com/example/pickup_request/Service/PickupRequestServiceImpl.java:[110,23] cannot find symbol
[ERROR]   symbol:   method getUserRequestNo()
[ERROR]   location: variable pickup of type com.example.pickup_request.Entity.PickupRequests
[ERROR] /D:/Ewaste-update/BackEnd/pickup_request/src/main/java/com/example/pickup_request/Service/PickupRequestServiceImpl.java:[109,23] cannot find symbol
[ERROR]   symbol:   method getUserId()
[ERROR]   location: variable pickup of type com.example.pickup_request.Entity.PickupRequests
[ERROR] /D:/Ewaste-update/BackEnd/pickup_request/src/main/java/com/example/pickup_request/Service/PickupRequestServiceImpl.java:[108,23] cannot find symbol
[ERROR]   symbol:   method getRequestId()
[ERROR]   location: variable pickup of type com.example.pickup_request.Entity.PickupRequests
[ERROR] /D:/Ewaste-update/BackEnd/pickup_request/src/main/java/com/example/pickup_request/Service/PickupRequestServiceImpl.java:[126,20] cannot find symbol
[ERROR]   symbol:   method getUserId()
[ERROR]   location: variable pickup of type com.example.pickup_request.Entity.PickupRequests
[ERROR] /D:/Ewaste-update/BackEnd/pickup_request/src/main/java/com/example/pickup_request/Service/PickupRequestServiceImpl.java:[136,68] cannot find symbol
[ERROR]   symbol:   method getRequestId()
[ERROR]   location: variable pickup of type com.example.pickup_request.Entity.PickupRequests
[ERROR] /D:/Ewaste-update/BackEnd/pickup_request/src/main/java/com/example/pickup_request/Service/PickupRequestServiceImpl.java:[152,27] cannot find symbol
[ERROR]   symbol:   method getStatus()
[ERROR]   location: variable pickup of type com.example.pickup_request.Entity.PickupRequests
[ERROR] /D:/Ewaste-update/BackEnd/pickup_request/src/main/java/com/example/pickup_request/Service/PickupRequestServiceImpl.java:[151,27] cannot find symbol
[ERROR]   symbol:   method getPickupAddress()
[ERROR]   location: variable pickup of type com.example.pickup_request.Entity.PickupRequests
[ERROR] /D:/Ewaste-update/BackEnd/pickup_request/src/main/java/com/example/pickup_request/Service/PickupRequestServiceImpl.java:[150,27] cannot find symbol
[ERROR]   symbol:   method getPickupDate()
[ERROR]   location: variable pickup of type com.example.pickup_request.Entity.PickupRequests
[ERROR] /D:/Ewaste-update/BackEnd/pickup_request/src/main/java/com/example/pickup_request/Service/PickupRequestServiceImpl.java:[149,27] cannot find symbol
[ERROR]   symbol:   method getRequestDate()
[ERROR]   location: variable pickup of type com.example.pickup_request.Entity.PickupRequests
[ERROR] /D:/Ewaste-update/BackEnd/pickup_request/src/main/java/com/example/pickup_request/Service/PickupRequestServiceImpl.java:[148,23] cannot find symbol
[ERROR]   symbol:   method getUserRequestNo()
[ERROR]   location: variable pickup of type com.example.pickup_request.Entity.PickupRequests
[ERROR] /D:/Ewaste-update/BackEnd/pickup_request/src/main/java/com/example/pickup_request/Service/PickupRequestServiceImpl.java:[147,27] cannot find symbol
[ERROR]   symbol:   method getUserId()
[ERROR]   location: variable pickup of type com.example.pickup_request.Entity.PickupRequests
[ERROR] /D:/Ewaste-update/BackEnd/pickup_request/src/main/java/com/example/pickup_request/Service/PickupRequestServiceImpl.java:[146,27] cannot find symbol
[ERROR]   symbol:   method getRequestId()
[ERROR]   location: variable pickup of type com.example.pickup_request.Entity.PickupRequests
[ERROR] /D:/Ewaste-update/BackEnd/pickup_request/src/main/java/com/example/pickup_request/Service/PickupRequestServiceImpl.java:[155,18] incompatible types: java.util.List<java.lang.Object> cannot be converted to java.util.List<com.example.pickup_request.DTO.PickupRequestResponseDTO>
[ERROR] /D:/Ewaste-update/BackEnd/pickup_request/src/main/java/com/example/pickup_request/Service/PickupRequestServiceImpl.java:[163,68] cannot find symbol
[ERROR]   symbol:   method getRequestId()
[ERROR]   location: variable pickup of type com.example.pickup_request.Entity.PickupRequests
[ERROR] /D:/Ewaste-update/BackEnd/pickup_request/src/main/java/com/example/pickup_request/Service/PickupRequestServiceImpl.java:[179,27] cannot find symbol
[ERROR]   symbol:   method getStatus()
[ERROR]   location: variable pickup of type com.example.pickup_request.Entity.PickupRequests
[ERROR] /D:/Ewaste-update/BackEnd/pickup_request/src/main/java/com/example/pickup_request/Service/PickupRequestServiceImpl.java:[178,27] cannot find symbol
[ERROR]   symbol:   method getPickupAddress()
[ERROR]   location: variable pickup of type com.example.pickup_request.Entity.PickupRequests
[ERROR] /D:/Ewaste-update/BackEnd/pickup_request/src/main/java/com/example/pickup_request/Service/PickupRequestServiceImpl.java:[177,27] cannot find symbol
[ERROR]   symbol:   method getPickupDate()
[ERROR]   location: variable pickup of type com.example.pickup_request.Entity.PickupRequests
[ERROR] /D:/Ewaste-update/BackEnd/pickup_request/src/main/java/com/example/pickup_request/Service/PickupRequestServiceImpl.java:[176,27] cannot find symbol
[ERROR]   symbol:   method getRequestDate()
[ERROR]   location: variable pickup of type com.example.pickup_request.Entity.PickupRequests
[ERROR] /D:/Ewaste-update/BackEnd/pickup_request/src/main/java/com/example/pickup_request/Service/PickupRequestServiceImpl.java:[175,23] cannot find symbol
[ERROR]   symbol:   method getUserRequestNo()
[ERROR]   location: variable pickup of type com.example.pickup_request.Entity.PickupRequests
[ERROR] /D:/Ewaste-update/BackEnd/pickup_request/src/main/java/com/example/pickup_request/Service/PickupRequestServiceImpl.java:[174,27] cannot find symbol
[ERROR]   symbol:   method getUserId()
[ERROR]   location: variable pickup of type com.example.pickup_request.Entity.PickupRequests
[ERROR] /D:/Ewaste-update/BackEnd/pickup_request/src/main/java/com/example/pickup_request/Service/PickupRequestServiceImpl.java:[173,27] cannot find symbol
[ERROR]   symbol:   method getRequestId()
[ERROR]   location: variable pickup of type com.example.pickup_request.Entity.PickupRequests
[ERROR] /D:/Ewaste-update/BackEnd/pickup_request/src/main/java/com/example/pickup_request/Service/PickupRequestServiceImpl.java:[182,18] incompatible types: java.util.List<java.lang.Object> cannot be converted to java.util.List<com.example.pickup_request.DTO.PickupRequestResponseDTO>
[ERROR] /D:/Ewaste-update/BackEnd/pickup_request/src/main/java/com/example/pickup_request/Service/PickupRequestServiceImpl.java:[191,15] cannot find symbol
[ERROR]   symbol:   method setStatus(java.lang.String)
[ERROR]   location: variable pickup of type com.example.pickup_request.Entity.PickupRequests
[ERROR] /D:/Ewaste-update/BackEnd/pickup_request/src/main/java/com/example/pickup_request/Service/PickupRequestServiceImpl.java:[196,18] cannot find symbol
[ERROR]   symbol:   method setRequestId(java.lang.Integer)
[ERROR]   location: variable statusDTO of type com.example.pickup_request.DTO.CreateStatusRequestLogDTO
[ERROR] /D:/Ewaste-update/BackEnd/pickup_request/src/main/java/com/example/pickup_request/Service/PickupRequestServiceImpl.java:[197,18] cannot find symbol
[ERROR]   symbol:   method setStatus(java.lang.String)
[ERROR]   location: variable statusDTO of type com.example.pickup_request.DTO.CreateStatusRequestLogDTO
[ERROR] /D:/Ewaste-update/BackEnd/pickup_request/src/main/java/com/example/pickup_request/Service/PickupRequestServiceImpl.java:[198,38] cannot find symbol
[ERROR]   symbol:   method getUserId()
[ERROR]   location: variable pickup of type com.example.pickup_request.Entity.PickupRequests
[ERROR] /D:/Ewaste-update/BackEnd/pickup_request/src/main/java/com/example/pickup_request/Service/PickupRequestServiceImpl.java:[209,15] cannot find symbol
[ERROR]   symbol:   method setCollectorId(java.lang.String)
[ERROR]   location: variable pickup of type com.example.pickup_request.Entity.PickupRequests
[ERROR] /D:/Ewaste-update/BackEnd/pickup_request/src/main/java/com/example/pickup_request/Service/PickupRequestServiceImpl.java:[210,15] cannot find symbol
[ERROR]   symbol:   method setStatus(java.lang.String)
[ERROR]   location: variable pickup of type com.example.pickup_request.Entity.PickupRequests
[ERROR] /D:/Ewaste-update/BackEnd/pickup_request/src/main/java/com/example/pickup_request/Service/PickupRequestServiceImpl.java:[229,64] cannot find symbol
[ERROR]   symbol:   method getRequestId()
[ERROR]   location: variable pickup of type com.example.pickup_request.Entity.PickupRequests
[ERROR] /D:/Ewaste-update/BackEnd/pickup_request/src/main/java/com/example/pickup_request/Service/PickupRequestServiceImpl.java:[245,23] cannot find symbol
[ERROR]   symbol:   method getStatus()
[ERROR]   location: variable pickup of type com.example.pickup_request.Entity.PickupRequests
[ERROR] /D:/Ewaste-update/BackEnd/pickup_request/src/main/java/com/example/pickup_request/Service/PickupRequestServiceImpl.java:[244,23] cannot find symbol
[ERROR]   symbol:   method getPickupAddress()
[ERROR]   location: variable pickup of type com.example.pickup_request.Entity.PickupRequests
[ERROR] /D:/Ewaste-update/BackEnd/pickup_request/src/main/java/com/example/pickup_request/Service/PickupRequestServiceImpl.java:[243,23] cannot find symbol
[ERROR]   symbol:   method getPickupDate()
[ERROR]   location: variable pickup of type com.example.pickup_request.Entity.PickupRequests
[ERROR] /D:/Ewaste-update/BackEnd/pickup_request/src/main/java/com/example/pickup_request/Service/PickupRequestServiceImpl.java:[242,23] cannot find symbol
[ERROR]   symbol:   method getRequestDate()
[ERROR]   location: variable pickup of type com.example.pickup_request.Entity.PickupRequests
[ERROR] /D:/Ewaste-update/BackEnd/pickup_request/src/main/java/com/example/pickup_request/Service/PickupRequestServiceImpl.java:[241,23] cannot find symbol
[ERROR]   symbol:   method getUserRequestNo()
[ERROR]   location: variable pickup of type com.example.pickup_request.Entity.PickupRequests
[ERROR] /D:/Ewaste-update/BackEnd/pickup_request/src/main/java/com/example/pickup_request/Service/PickupRequestServiceImpl.java:[240,23] cannot find symbol
[ERROR]   symbol:   method getUserId()
[ERROR]   location: variable pickup of type com.example.pickup_request.Entity.PickupRequests
[ERROR] /D:/Ewaste-update/BackEnd/pickup_request/src/main/java/com/example/pickup_request/Service/PickupRequestServiceImpl.java:[239,23] cannot find symbol
[ERROR]   symbol:   method getRequestId()
[ERROR]   location: variable pickup of type com.example.pickup_request.Entity.PickupRequests
[ERROR] -> [Help 1]
[ERROR] 
[ERROR] To see the full stack trace of the errors, re-run Maven with the -e switch.
[ERROR] Re-run Maven using the -X switch to enable full debug logging.
[ERROR] 
[ERROR] For more information about the errors and possible solutions, please read the following articles:
[ERROR] [Help 1] http://cwiki.apache.org/confluence/display/MAVEN/MojoFailureException
